running egg_info
creating ../build/ponderada3/ponderada3.egg-info
writing ../build/ponderada3/ponderada3.egg-info/PKG-INFO
writing dependency_links to ../build/ponderada3/ponderada3.egg-info/dependency_links.txt
writing entry points to ../build/ponderada3/ponderada3.egg-info/entry_points.txt
writing requirements to ../build/ponderada3/ponderada3.egg-info/requires.txt
writing top-level names to ../build/ponderada3/ponderada3.egg-info/top_level.txt
writing manifest file '../build/ponderada3/ponderada3.egg-info/SOURCES.txt'
reading manifest file '../build/ponderada3/ponderada3.egg-info/SOURCES.txt'
writing manifest file '../build/ponderada3/ponderada3.egg-info/SOURCES.txt'
running build
running build_py
creating /home/antonio/Documents/Entregas_Modulo_8/Ponderadas/workspace/src/build/ponderada3/build
creating /home/antonio/Documents/Entregas_Modulo_8/Ponderadas/workspace/src/build/ponderada3/build/lib
creating /home/antonio/Documents/Entregas_Modulo_8/Ponderadas/workspace/src/build/ponderada3/build/lib/ponderada3
copying ponderada3/__init__.py -> /home/antonio/Documents/Entregas_Modulo_8/Ponderadas/workspace/src/build/ponderada3/build/lib/ponderada3
copying ponderada3/chatbot.py -> /home/antonio/Documents/Entregas_Modulo_8/Ponderadas/workspace/src/build/ponderada3/build/lib/ponderada3
running install
running install_lib
creating /home/antonio/Documents/Entregas_Modulo_8/Ponderadas/workspace/src/install/ponderada3/lib/python3.10/site-packages/ponderada3
copying /home/antonio/Documents/Entregas_Modulo_8/Ponderadas/workspace/src/build/ponderada3/build/lib/ponderada3/__init__.py -> /home/antonio/Documents/Entregas_Modulo_8/Ponderadas/workspace/src/install/ponderada3/lib/python3.10/site-packages/ponderada3
copying /home/antonio/Documents/Entregas_Modulo_8/Ponderadas/workspace/src/build/ponderada3/build/lib/ponderada3/chatbot.py -> /home/antonio/Documents/Entregas_Modulo_8/Ponderadas/workspace/src/install/ponderada3/lib/python3.10/site-packages/ponderada3
byte-compiling /home/antonio/Documents/Entregas_Modulo_8/Ponderadas/workspace/src/install/ponderada3/lib/python3.10/site-packages/ponderada3/__init__.py to __init__.cpython-310.pyc
byte-compiling /home/antonio/Documents/Entregas_Modulo_8/Ponderadas/workspace/src/install/ponderada3/lib/python3.10/site-packages/ponderada3/chatbot.py to chatbot.cpython-310.pyc
running install_data
creating /home/antonio/Documents/Entregas_Modulo_8/Ponderadas/workspace/src/install/ponderada3/share/ament_index
creating /home/antonio/Documents/Entregas_Modulo_8/Ponderadas/workspace/src/install/ponderada3/share/ament_index/resource_index
creating /home/antonio/Documents/Entregas_Modulo_8/Ponderadas/workspace/src/install/ponderada3/share/ament_index/resource_index/packages
copying resource/ponderada3 -> /home/antonio/Documents/Entregas_Modulo_8/Ponderadas/workspace/src/install/ponderada3/share/ament_index/resource_index/packages
copying package.xml -> /home/antonio/Documents/Entregas_Modulo_8/Ponderadas/workspace/src/install/ponderada3/share/ponderada3
running install_egg_info
Copying ../build/ponderada3/ponderada3.egg-info to /home/antonio/Documents/Entregas_Modulo_8/Ponderadas/workspace/src/install/ponderada3/lib/python3.10/site-packages/ponderada3-0.0.0-py3.10.egg-info
running install_scripts
Installing chatbot script to /home/antonio/Documents/Entregas_Modulo_8/Ponderadas/workspace/src/install/ponderada3/lib/ponderada3
writing list of installed files to '/home/antonio/Documents/Entregas_Modulo_8/Ponderadas/workspace/src/build/ponderada3/install.log'
