[1.284s] Invoking command in '/home/antonio/Documents/Entregas_Modulo_8/Ponderadas/workspace/src/ponderada3': PYTHONPATH=/home/antonio/Documents/Entregas_Modulo_8/Ponderadas/workspace/src/build/ponderada3/prefix_override:/home/antonio/Documents/Entregas_Modulo_8/Ponderadas/workspace/src/install/ponderada3/lib/python3.10/site-packages:${PYTHONPATH} /usr/bin/python3 setup.py egg_info --egg-base ../build/ponderada3 build --build-base /home/antonio/Documents/Entregas_Modulo_8/Ponderadas/workspace/src/build/ponderada3/build install --record /home/antonio/Documents/Entregas_Modulo_8/Ponderadas/workspace/src/build/ponderada3/install.log --single-version-externally-managed
[1.705s] running egg_info
[1.706s] creating ../build/ponderada3/ponderada3.egg-info
[1.706s] writing ../build/ponderada3/ponderada3.egg-info/PKG-INFO
[1.706s] writing dependency_links to ../build/ponderada3/ponderada3.egg-info/dependency_links.txt
[1.707s] writing entry points to ../build/ponderada3/ponderada3.egg-info/entry_points.txt
[1.707s] writing requirements to ../build/ponderada3/ponderada3.egg-info/requires.txt
[1.707s] writing top-level names to ../build/ponderada3/ponderada3.egg-info/top_level.txt
[1.707s] writing manifest file '../build/ponderada3/ponderada3.egg-info/SOURCES.txt'
[1.710s] reading manifest file '../build/ponderada3/ponderada3.egg-info/SOURCES.txt'
[1.711s] writing manifest file '../build/ponderada3/ponderada3.egg-info/SOURCES.txt'
[1.713s] running build
[1.714s] running build_py
[1.714s] creating /home/antonio/Documents/Entregas_Modulo_8/Ponderadas/workspace/src/build/ponderada3/build
[1.714s] creating /home/antonio/Documents/Entregas_Modulo_8/Ponderadas/workspace/src/build/ponderada3/build/lib
[1.714s] creating /home/antonio/Documents/Entregas_Modulo_8/Ponderadas/workspace/src/build/ponderada3/build/lib/ponderada3
[1.714s] copying ponderada3/__init__.py -> /home/antonio/Documents/Entregas_Modulo_8/Ponderadas/workspace/src/build/ponderada3/build/lib/ponderada3
[1.715s] copying ponderada3/chatbot.py -> /home/antonio/Documents/Entregas_Modulo_8/Ponderadas/workspace/src/build/ponderada3/build/lib/ponderada3
[1.715s] running install
[1.715s] running install_lib
[1.716s] creating /home/antonio/Documents/Entregas_Modulo_8/Ponderadas/workspace/src/install/ponderada3/lib/python3.10/site-packages/ponderada3
[1.716s] copying /home/antonio/Documents/Entregas_Modulo_8/Ponderadas/workspace/src/build/ponderada3/build/lib/ponderada3/__init__.py -> /home/antonio/Documents/Entregas_Modulo_8/Ponderadas/workspace/src/install/ponderada3/lib/python3.10/site-packages/ponderada3
[1.717s] copying /home/antonio/Documents/Entregas_Modulo_8/Ponderadas/workspace/src/build/ponderada3/build/lib/ponderada3/chatbot.py -> /home/antonio/Documents/Entregas_Modulo_8/Ponderadas/workspace/src/install/ponderada3/lib/python3.10/site-packages/ponderada3
[1.717s] byte-compiling /home/antonio/Documents/Entregas_Modulo_8/Ponderadas/workspace/src/install/ponderada3/lib/python3.10/site-packages/ponderada3/__init__.py to __init__.cpython-310.pyc
[1.718s] byte-compiling /home/antonio/Documents/Entregas_Modulo_8/Ponderadas/workspace/src/install/ponderada3/lib/python3.10/site-packages/ponderada3/chatbot.py to chatbot.cpython-310.pyc
[1.718s] running install_data
[1.719s] creating /home/antonio/Documents/Entregas_Modulo_8/Ponderadas/workspace/src/install/ponderada3/share/ament_index
[1.719s] creating /home/antonio/Documents/Entregas_Modulo_8/Ponderadas/workspace/src/install/ponderada3/share/ament_index/resource_index
[1.719s] creating /home/antonio/Documents/Entregas_Modulo_8/Ponderadas/workspace/src/install/ponderada3/share/ament_index/resource_index/packages
[1.719s] copying resource/ponderada3 -> /home/antonio/Documents/Entregas_Modulo_8/Ponderadas/workspace/src/install/ponderada3/share/ament_index/resource_index/packages
[1.720s] copying package.xml -> /home/antonio/Documents/Entregas_Modulo_8/Ponderadas/workspace/src/install/ponderada3/share/ponderada3
[1.720s] running install_egg_info
[1.723s] Copying ../build/ponderada3/ponderada3.egg-info to /home/antonio/Documents/Entregas_Modulo_8/Ponderadas/workspace/src/install/ponderada3/lib/python3.10/site-packages/ponderada3-0.0.0-py3.10.egg-info
[1.724s] running install_scripts
[1.760s] Installing chatbot script to /home/antonio/Documents/Entregas_Modulo_8/Ponderadas/workspace/src/install/ponderada3/lib/ponderada3
[1.760s] writing list of installed files to '/home/antonio/Documents/Entregas_Modulo_8/Ponderadas/workspace/src/build/ponderada3/install.log'
[1.805s] Invoked command in '/home/antonio/Documents/Entregas_Modulo_8/Ponderadas/workspace/src/ponderada3' returned '0': PYTHONPATH=/home/antonio/Documents/Entregas_Modulo_8/Ponderadas/workspace/src/build/ponderada3/prefix_override:/home/antonio/Documents/Entregas_Modulo_8/Ponderadas/workspace/src/install/ponderada3/lib/python3.10/site-packages:${PYTHONPATH} /usr/bin/python3 setup.py egg_info --egg-base ../build/ponderada3 build --build-base /home/antonio/Documents/Entregas_Modulo_8/Ponderadas/workspace/src/build/ponderada3/build install --record /home/antonio/Documents/Entregas_Modulo_8/Ponderadas/workspace/src/build/ponderada3/install.log --single-version-externally-managed
