[1.305s] Invoking command in '/home/antonio/Documents/Entregas_Modulo_8/Ponderadas/workspace/src/ponderada3': PYTHONPATH=/home/antonio/Documents/Entregas_Modulo_8/Ponderadas/workspace/src/build/ponderada3/prefix_override:/home/antonio/Documents/Entregas_Modulo_8/Ponderadas/workspace/src/install/ponderada3/lib/python3.10/site-packages:${PYTHONPATH} /usr/bin/python3 setup.py egg_info --egg-base ../build/ponderada3 build --build-base /home/antonio/Documents/Entregas_Modulo_8/Ponderadas/workspace/src/build/ponderada3/build install --record /home/antonio/Documents/Entregas_Modulo_8/Ponderadas/workspace/src/build/ponderada3/install.log --single-version-externally-managed
[1.726s] running egg_info
[1.727s] writing ../build/ponderada3/ponderada3.egg-info/PKG-INFO
[1.728s] writing dependency_links to ../build/ponderada3/ponderada3.egg-info/dependency_links.txt
[1.728s] writing entry points to ../build/ponderada3/ponderada3.egg-info/entry_points.txt
[1.728s] writing requirements to ../build/ponderada3/ponderada3.egg-info/requires.txt
[1.728s] writing top-level names to ../build/ponderada3/ponderada3.egg-info/top_level.txt
[1.732s] reading manifest file '../build/ponderada3/ponderada3.egg-info/SOURCES.txt'
[1.734s] writing manifest file '../build/ponderada3/ponderada3.egg-info/SOURCES.txt'
[1.734s] running build
[1.734s] running build_py
[1.734s] copying ponderada3/chatbot.py -> /home/antonio/Documents/Entregas_Modulo_8/Ponderadas/workspace/src/build/ponderada3/build/lib/ponderada3
[1.734s] running install
[1.735s] running install_lib
[1.736s] copying /home/antonio/Documents/Entregas_Modulo_8/Ponderadas/workspace/src/build/ponderada3/build/lib/ponderada3/chatbot.py -> /home/antonio/Documents/Entregas_Modulo_8/Ponderadas/workspace/src/install/ponderada3/lib/python3.10/site-packages/ponderada3
[1.737s] byte-compiling /home/antonio/Documents/Entregas_Modulo_8/Ponderadas/workspace/src/install/ponderada3/lib/python3.10/site-packages/ponderada3/chatbot.py to chatbot.cpython-310.pyc
[1.738s] running install_data
[1.739s] running install_egg_info
[1.742s] removing '/home/antonio/Documents/Entregas_Modulo_8/Ponderadas/workspace/src/install/ponderada3/lib/python3.10/site-packages/ponderada3-0.0.0-py3.10.egg-info' (and everything under it)
[1.742s] Copying ../build/ponderada3/ponderada3.egg-info to /home/antonio/Documents/Entregas_Modulo_8/Ponderadas/workspace/src/install/ponderada3/lib/python3.10/site-packages/ponderada3-0.0.0-py3.10.egg-info
[1.743s] running install_scripts
[1.778s] Installing chatbot script to /home/antonio/Documents/Entregas_Modulo_8/Ponderadas/workspace/src/install/ponderada3/lib/ponderada3
[1.786s] writing list of installed files to '/home/antonio/Documents/Entregas_Modulo_8/Ponderadas/workspace/src/build/ponderada3/install.log'
[1.830s] Invoked command in '/home/antonio/Documents/Entregas_Modulo_8/Ponderadas/workspace/src/ponderada3' returned '0': PYTHONPATH=/home/antonio/Documents/Entregas_Modulo_8/Ponderadas/workspace/src/build/ponderada3/prefix_override:/home/antonio/Documents/Entregas_Modulo_8/Ponderadas/workspace/src/install/ponderada3/lib/python3.10/site-packages:${PYTHONPATH} /usr/bin/python3 setup.py egg_info --egg-base ../build/ponderada3 build --build-base /home/antonio/Documents/Entregas_Modulo_8/Ponderadas/workspace/src/build/ponderada3/build install --record /home/antonio/Documents/Entregas_Modulo_8/Ponderadas/workspace/src/build/ponderada3/install.log --single-version-externally-managed
