running egg_info
writing ../build/ponderada3/ponderada3.egg-info/PKG-INFO
writing dependency_links to ../build/ponderada3/ponderada3.egg-info/dependency_links.txt
writing entry points to ../build/ponderada3/ponderada3.egg-info/entry_points.txt
writing requirements to ../build/ponderada3/ponderada3.egg-info/requires.txt
writing top-level names to ../build/ponderada3/ponderada3.egg-info/top_level.txt
reading manifest file '../build/ponderada3/ponderada3.egg-info/SOURCES.txt'
writing manifest file '../build/ponderada3/ponderada3.egg-info/SOURCES.txt'
running build
running build_py
running install
running install_lib
running install_data
creating /home/antonio/Documents/Entregas_Modulo_8/Ponderadas/workspace/src/install/ponderada3/share/ponderada3/launch
copying launch/chatbot_launch.py -> /home/antonio/Documents/Entregas_Modulo_8/Ponderadas/workspace/src/install/ponderada3/share/ponderada3/launch
running install_egg_info
removing '/home/antonio/Documents/Entregas_Modulo_8/Ponderadas/workspace/src/install/ponderada3/lib/python3.10/site-packages/ponderada3-0.0.0-py3.10.egg-info' (and everything under it)
Copying ../build/ponderada3/ponderada3.egg-info to /home/antonio/Documents/Entregas_Modulo_8/Ponderadas/workspace/src/install/ponderada3/lib/python3.10/site-packages/ponderada3-0.0.0-py3.10.egg-info
running install_scripts
Installing chatbot script to /home/antonio/Documents/Entregas_Modulo_8/Ponderadas/workspace/src/install/ponderada3/lib/ponderada3
writing list of installed files to '/home/antonio/Documents/Entregas_Modulo_8/Ponderadas/workspace/src/build/ponderada3/install.log'
