[1.315s] Invoking command in '/home/antonio/Documents/Entregas_Modulo_8/Ponderadas/workspace/src/ponderada3': PYTHONPATH=/home/antonio/Documents/Entregas_Modulo_8/Ponderadas/workspace/src/build/ponderada3/prefix_override:/home/antonio/Documents/Entregas_Modulo_8/Ponderadas/workspace/src/install/ponderada3/lib/python3.10/site-packages:${PYTHONPATH} /usr/bin/python3 setup.py egg_info --egg-base ../build/ponderada3 build --build-base /home/antonio/Documents/Entregas_Modulo_8/Ponderadas/workspace/src/build/ponderada3/build install --record /home/antonio/Documents/Entregas_Modulo_8/Ponderadas/workspace/src/build/ponderada3/install.log --single-version-externally-managed
[1.743s] running egg_info
[1.744s] writing ../build/ponderada3/ponderada3.egg-info/PKG-INFO
[1.749s] writing dependency_links to ../build/ponderada3/ponderada3.egg-info/dependency_links.txt
[1.749s] writing entry points to ../build/ponderada3/ponderada3.egg-info/entry_points.txt
[1.750s] writing requirements to ../build/ponderada3/ponderada3.egg-info/requires.txt
[1.750s] writing top-level names to ../build/ponderada3/ponderada3.egg-info/top_level.txt
[1.754s] reading manifest file '../build/ponderada3/ponderada3.egg-info/SOURCES.txt'
[1.755s] writing manifest file '../build/ponderada3/ponderada3.egg-info/SOURCES.txt'
[1.756s] running build
[1.756s] running build_py
[1.756s] running install
[1.757s] running install_lib
[1.759s] running install_data
[1.760s] creating /home/antonio/Documents/Entregas_Modulo_8/Ponderadas/workspace/src/install/ponderada3/share/ponderada3/launch
[1.760s] copying launch/chatbot_launch.py -> /home/antonio/Documents/Entregas_Modulo_8/Ponderadas/workspace/src/install/ponderada3/share/ponderada3/launch
[1.761s] running install_egg_info
[1.764s] removing '/home/antonio/Documents/Entregas_Modulo_8/Ponderadas/workspace/src/install/ponderada3/lib/python3.10/site-packages/ponderada3-0.0.0-py3.10.egg-info' (and everything under it)
[1.764s] Copying ../build/ponderada3/ponderada3.egg-info to /home/antonio/Documents/Entregas_Modulo_8/Ponderadas/workspace/src/install/ponderada3/lib/python3.10/site-packages/ponderada3-0.0.0-py3.10.egg-info
[1.765s] running install_scripts
[1.801s] Installing chatbot script to /home/antonio/Documents/Entregas_Modulo_8/Ponderadas/workspace/src/install/ponderada3/lib/ponderada3
[1.802s] writing list of installed files to '/home/antonio/Documents/Entregas_Modulo_8/Ponderadas/workspace/src/build/ponderada3/install.log'
[1.847s] Invoked command in '/home/antonio/Documents/Entregas_Modulo_8/Ponderadas/workspace/src/ponderada3' returned '0': PYTHONPATH=/home/antonio/Documents/Entregas_Modulo_8/Ponderadas/workspace/src/build/ponderada3/prefix_override:/home/antonio/Documents/Entregas_Modulo_8/Ponderadas/workspace/src/install/ponderada3/lib/python3.10/site-packages:${PYTHONPATH} /usr/bin/python3 setup.py egg_info --egg-base ../build/ponderada3 build --build-base /home/antonio/Documents/Entregas_Modulo_8/Ponderadas/workspace/src/build/ponderada3/build install --record /home/antonio/Documents/Entregas_Modulo_8/Ponderadas/workspace/src/build/ponderada3/install.log --single-version-externally-managed
